<?xml version="1.0" encoding="UTF-8"?>
<!-- Generated by org.testng.reporters.JUnitReportReporter -->
<testsuite skipped="0" hostname="Parag" name="com.automationpractice.test.ProductTest" tests="1" failures="0" timestamp="03 Jul 2020 17:15:53 GMT" time="59.368" errors="0">
  <testcase name="productDeatils" time="59.368" classname="com.automationpractice.test.ProductTest"/>
</testsuite> <!-- com.automationpractice.test.ProductTest -->
