<?xml version="1.0" encoding="UTF-8"?>
<!-- Generated by org.testng.reporters.JUnitReportReporter -->
<testsuite skipped="0" hostname="Parag" name="com.automationpractice.test.SignUPTest" tests="1" failures="0" timestamp="03 Jul 2020 17:24:46 GMT" time="61.075" errors="0">
  <testcase name="productDeatils" time="61.075" classname="com.automationpractice.test.SignUPTest"/>
</testsuite> <!-- com.automationpractice.test.SignUPTest -->
